Determining if the pthread_create exist failed with the following output:
Change Dir: /home/kpach/catkin_ws/src/comp0127_lab/lab_solutions/sol_lab2task1/cmake-build-debug/CMakeFiles/CMakeTmp

Run Build Command:"/usr/bin/make" "cmTC_69f44/fast"
/usr/bin/make -f CMakeFiles/cmTC_69f44.dir/build.make CMakeFiles/cmTC_69f44.dir/build
make[1]: Entering directory '/home/kpach/catkin_ws/src/comp0127_lab/lab_solutions/sol_lab2task1/cmake-build-debug/CMakeFiles/CMakeTmp'
Building C object CMakeFiles/cmTC_69f44.dir/CheckSymbolExists.c.o
/usr/bin/cc    -o CMakeFiles/cmTC_69f44.dir/CheckSymbolExists.c.o   -c /home/kpach/catkin_ws/src/comp0127_lab/lab_solutions/sol_lab2task1/cmake-build-debug/CMakeFiles/CMakeTmp/CheckSymbolExists.c
Linking C executable cmTC_69f44
/opt/clion-2018.2.5/bin/cmake/linux/bin/cmake -E cmake_link_script CMakeFiles/cmTC_69f44.dir/link.txt --verbose=1
/usr/bin/cc      -rdynamic CMakeFiles/cmTC_69f44.dir/CheckSymbolExists.c.o  -o cmTC_69f44 
CMakeFiles/cmTC_69f44.dir/CheckSymbolExists.c.o: In function `main':
CheckSymbolExists.c:(.text+0x16): undefined reference to `pthread_create'
collect2: error: ld returned 1 exit status
CMakeFiles/cmTC_69f44.dir/build.make:86: recipe for target 'cmTC_69f44' failed
make[1]: *** [cmTC_69f44] Error 1
make[1]: Leaving directory '/home/kpach/catkin_ws/src/comp0127_lab/lab_solutions/sol_lab2task1/cmake-build-debug/CMakeFiles/CMakeTmp'
Makefile:121: recipe for target 'cmTC_69f44/fast' failed
make: *** [cmTC_69f44/fast] Error 2

File /home/kpach/catkin_ws/src/comp0127_lab/lab_solutions/sol_lab2task1/cmake-build-debug/CMakeFiles/CMakeTmp/CheckSymbolExists.c:
/* */
#include <pthread.h>

int main(int argc, char** argv)
{
  (void)argv;
#ifndef pthread_create
  return ((int*)(&pthread_create))[argc];
#else
  (void)argc;
  return 0;
#endif
}

Determining if the function pthread_create exists in the pthreads failed with the following output:
Change Dir: /home/kpach/catkin_ws/src/comp0127_lab/lab_solutions/sol_lab2task1/cmake-build-debug/CMakeFiles/CMakeTmp

Run Build Command:"/usr/bin/make" "cmTC_9d342/fast"
/usr/bin/make -f CMakeFiles/cmTC_9d342.dir/build.make CMakeFiles/cmTC_9d342.dir/build
make[1]: Entering directory '/home/kpach/catkin_ws/src/comp0127_lab/lab_solutions/sol_lab2task1/cmake-build-debug/CMakeFiles/CMakeTmp'
Building C object CMakeFiles/cmTC_9d342.dir/CheckFunctionExists.c.o
/usr/bin/cc   -DCHECK_FUNCTION_EXISTS=pthread_create   -o CMakeFiles/cmTC_9d342.dir/CheckFunctionExists.c.o   -c /opt/clion-2018.2.5/bin/cmake/linux/share/cmake-3.12/Modules/CheckFunctionExists.c
Linking C executable cmTC_9d342
/opt/clion-2018.2.5/bin/cmake/linux/bin/cmake -E cmake_link_script CMakeFiles/cmTC_9d342.dir/link.txt --verbose=1
/usr/bin/cc  -DCHECK_FUNCTION_EXISTS=pthread_create    -rdynamic CMakeFiles/cmTC_9d342.dir/CheckFunctionExists.c.o  -o cmTC_9d342 -lpthreads 
/usr/bin/ld: cannot find -lpthreads
collect2: error: ld returned 1 exit status
CMakeFiles/cmTC_9d342.dir/build.make:86: recipe for target 'cmTC_9d342' failed
make[1]: *** [cmTC_9d342] Error 1
make[1]: Leaving directory '/home/kpach/catkin_ws/src/comp0127_lab/lab_solutions/sol_lab2task1/cmake-build-debug/CMakeFiles/CMakeTmp'
Makefile:121: recipe for target 'cmTC_9d342/fast' failed
make: *** [cmTC_9d342/fast] Error 2


